# JRE version: Java(TM) SE Runtime Environment (17.0.12+8) (build 17.0.12+8-LTS-286)
# Java VM: Java HotSpot(TM) 64-Bit Server VM (17.0.12+8-LTS-286, mixed mode, sharing, tiered, compressed oops, compressed class ptrs, g1 gc, windows-amd64)
GC Precious Log:
 CPUs: 4 total, 4 available
 Memory: 16264M
 Large Page Support: Disabled
 NUMA Support: Disabled
 Compressed Oops: Enabled (Zero based)
 Heap Region Size: 4M
 Heap Min Capacity: 8M
 Heap Initial Capacity: 256M
 Heap Max Capacity: 8G
 Pre-touch: Disabled
 Parallel Workers: 4
 Concurrent Workers: 1
 Concurrent Refinement Workers: 4
 Periodic GC: Disabled
Heap:
 garbage-first heap   total 512000K, used 372164K [0x0000000600000000, 0x0000000800000000)
  region size 4096K, 27 young (110592K), 3 survivors (12288K)
 Metaspace       used 151861K, committed 153344K, reserved 1245184K
  class space    used 19906K, committed 20608K, reserved 1048576K
GC Heap History (20 events):
Event: 100.845 GC heap before
{Heap before GC invocations=58 (full 0):
 garbage-first heap   total 425984K, used 328768K [0x0000000600000000, 0x0000000800000000)
  region size 4096K, 37 young (151552K), 5 survivors (20480K)
 Metaspace       used 139890K, committed 140992K, reserved 1179648K
  class space    used 18117K, committed 18624K, reserved 1048576K
}
Event: 100.866 GC heap after
{Heap after GC invocations=59 (full 0):
 garbage-first heap   total 425984K, used 201412K [0x0000000600000000, 0x0000000800000000)
  region size 4096K, 4 young (16384K), 4 survivors (16384K)
 Metaspace       used 139890K, committed 140992K, reserved 1179648K
  class space    used 18117K, committed 18624K, reserved 1048576K
}
Event: 104.238 GC heap before
{Heap before GC invocations=59 (full 0):
 garbage-first heap   total 425984K, used 336580K [0x0000000600000000, 0x0000000800000000)
  region size 4096K, 37 young (151552K), 4 survivors (16384K)
 Metaspace       used 146949K, committed 148096K, reserved 1179648K
  class space    used 19239K, committed 19776K, reserved 1048576K
}
Event: 104.264 GC heap after
{Heap after GC invocations=60 (full 0):
 garbage-first heap   total 425984K, used 209435K [0x0000000600000000, 0x0000000800000000)
  region size 4096K, 3 young (12288K), 3 survivors (12288K)
 Metaspace       used 146949K, committed 148096K, reserved 1179648K
  class space    used 19239K, committed 19776K, reserved 1048576K
}
Event: 106.892 GC heap before
{Heap before GC invocations=60 (full 0):
 garbage-first heap   total 425984K, used 340507K [0x0000000600000000, 0x0000000800000000)
  region size 4096K, 35 young (143360K), 3 survivors (12288K)
 Metaspace       used 148206K, committed 149376K, reserved 1179648K
  class space    used 19411K, committed 19968K, reserved 1048576K
}
Event: 106.916 GC heap after
{Heap after GC invocations=61 (full 0):
 garbage-first heap   total 425984K, used 216693K [0x0000000600000000, 0x0000000800000000)
  region size 4096K, 4 young (16384K), 4 survivors (16384K)
 Metaspace       used 148206K, committed 149376K, reserved 1179648K
  class space    used 19411K, committed 19968K, reserved 1048576K
}
Event: 109.055 GC heap before
{Heap before GC invocations=61 (full 0):
 garbage-first heap   total 425984K, used 343669K [0x0000000600000000, 0x0000000800000000)
  region size 4096K, 35 young (143360K), 4 survivors (16384K)
 Metaspace       used 149690K, committed 150976K, reserved 1245184K
  class space    used 19654K, committed 20288K, reserved 1048576K
}
Event: 109.081 GC heap after
{Heap after GC invocations=62 (full 0):
 garbage-first heap   total 425984K, used 228594K [0x0000000600000000, 0x0000000800000000)
  region size 4096K, 5 young (20480K), 5 survivors (20480K)
 Metaspace       used 149690K, committed 150976K, reserved 1245184K
  class space    used 19654K, committed 20288K, reserved 1048576K
}
Event: 110.790 GC heap before
{Heap before GC invocations=62 (full 0):
 garbage-first heap   total 425984K, used 343282K [0x0000000600000000, 0x0000000800000000)
  region size 4096K, 34 young (139264K), 5 survivors (20480K)
 Metaspace       used 149903K, committed 151168K, reserved 1245184K
  class space    used 19672K, committed 20288K, reserved 1048576K
}
Event: 110.813 GC heap after
{Heap after GC invocations=63 (full 0):
 garbage-first heap   total 425984K, used 232118K [0x0000000600000000, 0x0000000800000000)
  region size 4096K, 2 young (8192K), 2 survivors (8192K)
 Metaspace       used 149903K, committed 151168K, reserved 1245184K
  class space    used 19672K, committed 20288K, reserved 1048576K
}
Event: 112.659 GC heap before
{Heap before GC invocations=63 (full 0):
 garbage-first heap   total 425984K, used 346806K [0x0000000600000000, 0x0000000800000000)
  region size 4096K, 30 young (122880K), 2 survivors (8192K)
 Metaspace       used 150368K, committed 151680K, reserved 1245184K
  class space    used 19721K, committed 20352K, reserved 1048576K
}
Event: 112.678 GC heap after
{Heap after GC invocations=64 (full 0):
 garbage-first heap   total 425984K, used 249490K [0x0000000600000000, 0x0000000800000000)
  region size 4096K, 4 young (16384K), 4 survivors (16384K)
 Metaspace       used 150368K, committed 151680K, reserved 1245184K
  class space    used 19721K, committed 20352K, reserved 1048576K
}
Event: 113.782 GC heap before
{Heap before GC invocations=64 (full 0):
 garbage-first heap   total 425984K, used 351890K [0x0000000600000000, 0x0000000800000000)
  region size 4096K, 29 young (118784K), 4 survivors (16384K)
 Metaspace       used 150477K, committed 151808K, reserved 1245184K
  class space    used 19736K, committed 20352K, reserved 1048576K
}
Event: 113.806 GC heap after
{Heap after GC invocations=65 (full 0):
 garbage-first heap   total 425984K, used 252782K [0x0000000600000000, 0x0000000800000000)
  region size 4096K, 2 young (8192K), 2 survivors (8192K)
 Metaspace       used 150477K, committed 151808K, reserved 1245184K
  class space    used 19736K, committed 20352K, reserved 1048576K
}
Event: 114.721 GC heap before
{Heap before GC invocations=65 (full 0):
 garbage-first heap   total 425984K, used 351086K [0x0000000600000000, 0x0000000800000000)
  region size 4096K, 26 young (106496K), 2 survivors (8192K)
 Metaspace       used 150560K, committed 151936K, reserved 1245184K
  class space    used 19742K, committed 20416K, reserved 1048576K
}
Event: 114.735 GC heap after
{Heap after GC invocations=66 (full 0):
 garbage-first heap   total 512000K, used 255643K [0x0000000600000000, 0x0000000800000000)
  region size 4096K, 3 young (12288K), 3 survivors (12288K)
 Metaspace       used 150560K, committed 151936K, reserved 1245184K
  class space    used 19742K, committed 20416K, reserved 1048576K
}
Event: 117.061 GC heap before
{Heap before GC invocations=66 (full 0):
 garbage-first heap   total 512000K, used 411291K [0x0000000600000000, 0x0000000800000000)
  region size 4096K, 41 young (167936K), 3 survivors (12288K)
 Metaspace       used 151215K, committed 152640K, reserved 1245184K
  class space    used 19820K, committed 20480K, reserved 1048576K
}
Event: 117.086 GC heap after
{Heap after GC invocations=67 (full 0):
 garbage-first heap   total 512000K, used 268002K [0x0000000600000000, 0x0000000800000000)
  region size 4096K, 6 young (24576K), 6 survivors (24576K)
 Metaspace       used 151215K, committed 152640K, reserved 1245184K
  class space    used 19820K, committed 20480K, reserved 1048576K
}
Event: 119.086 GC heap before
{Heap before GC invocations=67 (full 0):
 garbage-first heap   total 512000K, used 411362K [0x0000000600000000, 0x0000000800000000)
  region size 4096K, 41 young (167936K), 6 survivors (24576K)
 Metaspace       used 151748K, committed 153216K, reserved 1245184K
  class space    used 19891K, committed 20608K, reserved 1048576K
}
Event: 119.113 GC heap after
{Heap after GC invocations=68 (full 0):
 garbage-first heap   total 512000K, used 282052K [0x0000000600000000, 0x0000000800000000)
  region size 4096K, 3 young (12288K), 3 survivors (12288K)
 Metaspace       used 151748K, committed 153216K, reserved 1245184K
  class space    used 19891K, committed 20608K, reserved 1048576K
}

